3 5 32 
3 24 32 
3 124 32 
3 624 32 
3 3125 32 
3 15624 32 
3 78125 32 
3 390624 32 
3 1953124 32 
3 9765625 32 
3 48828125 32 
3 244140624 32 
3 1220703124 32 
3 7 32 
3 49 32 
3 343 32 
3 2401 32 
3 16807 32 
3 117649 32 
3 823542 32 
3 5764801 32 
3 40353606 32 
3 282475249 32 
3 1977326743 32 
9 5 32 
9 24 32 
9 124 32 
9 624 32 
9 3125 32 
9 15624 32 
9 78125 32 
9 390624 32 
9 1953124 32 
9 9765625 32 
9 48828125 32 
9 244140624 32 
9 1220703124 32 
9 7 32 
9 49 32 
9 343 32 
9 2401 32 
9 16807 32 
9 117649 32 
9 823542 32 
9 5764801 32 
9 40353606 32 
9 282475249 32 
9 1977326743 32 
27 5 32 
27 24 32 
27 124 32 
27 624 32 
27 3125 32 
27 15624 32 
27 78125 32 
27 390624 32 
27 1953124 32 
27 9765625 32 
27 48828125 32 
27 244140624 32 
27 1220703124 32 
27 7 32 
27 49 32 
27 343 32 
27 2401 32 
27 16807 32 
27 117649 32 
27 823542 32 
27 5764801 32 
27 40353606 32 
27 282475249 32 
27 1977326743 32 
81 5 32 
81 24 32 
81 124 32 
81 624 32 
81 3125 32 
81 15624 32 
81 78125 32 
81 390624 32 
81 1953124 32 
81 9765625 32 
81 48828125 32 
81 244140624 32 
81 1220703124 32 
81 7 32 
81 49 32 
81 343 32 
81 2401 32 
81 16807 32 
81 117649 32 
81 823542 32 
81 5764801 32 
81 40353606 32 
81 282475249 32 
81 1977326743 32 
243 5 32 
243 24 32 
243 124 32 
243 624 32 
243 3125 32 
243 15624 32 
243 78125 32 
243 390624 32 
243 1953124 32 
243 9765625 32 
243 48828125 32 
243 244140624 32 
243 1220703124 32 
243 7 32 
243 49 32 
243 343 32 
243 2401 32 
243 16807 32 
243 117649 32 
243 823542 32 
243 5764801 32 
243 40353606 32 
243 282475249 32 
243 1977326743 32 
729 5 32 
729 24 32 
729 124 32 
729 624 32 
729 3125 32 
729 15624 32 
729 78125 32 
729 390624 32 
729 1953124 32 
729 9765625 32 
729 48828125 32 
729 244140624 32 
729 1220703124 32 
729 7 32 
729 49 32 
729 343 32 
729 2401 32 
729 16807 32 
729 117649 32 
729 823542 32 
729 5764801 32 
729 40353606 32 
729 282475249 32 
729 1977326743 32 
2187 5 32 
2187 24 32 
2187 124 32 
2187 624 32 
2187 3125 32 
2187 15624 32 
2187 78125 32 
2187 390624 32 
2187 1953124 32 
2187 9765625 32 
2187 48828125 32 
2187 244140624 32 
2187 1220703124 32 
2187 7 32 
2187 49 32 
2187 343 32 
2187 2401 32 
2187 16807 32 
2187 117649 32 
2187 823542 32 
2187 5764801 32 
2187 40353606 32 
2187 282475249 32 
2187 1977326743 32 
6561 5 32 
6561 24 32 
6561 124 32 
6561 624 32 
6561 3125 32 
6561 15624 32 
6561 78125 32 
6561 390624 32 
6561 1953124 32 
6561 9765625 32 
6561 48828125 32 
6561 244140624 32 
6561 1220703124 32 
6561 7 32 
6561 49 32 
6561 343 32 
6561 2401 32 
6561 16807 32 
6561 117649 32 
6561 823542 32 
6561 5764801 32 
6561 40353606 32 
6561 282475249 32 
6561 1977326743 32 
19683 5 32 
19683 24 32 
19683 124 32 
19683 624 32 
19683 3125 32 
19683 15624 32 
19683 78125 32 
19683 390624 32 
19683 1953124 32 
19683 9765625 32 
19683 48828125 32 
19683 244140624 32 
19683 1220703124 32 
19683 7 32 
19683 49 32 
19683 343 32 
19683 2401 32 
19683 16807 32 
19683 117649 32 
19683 823542 32 
19683 5764801 32 
19683 40353606 32 
19683 282475249 32 
19683 1977326743 32 
59049 5 32 
59049 24 32 
59049 124 32 
59049 624 32 
59049 3125 32 
59049 15624 32 
59049 78125 32 
59049 390624 32 
59049 1953124 32 
59049 9765625 32 
59049 48828125 32 
59049 244140624 32 
59049 1220703124 32 
59049 7 32 
59049 49 32 
59049 343 32 
59049 2401 32 
59049 16807 32 
59049 117649 32 
59049 823542 32 
59049 5764801 32 
59049 40353606 32 
59049 282475249 32 
59049 1977326743 32 
177147 5 32 
177147 24 32 
177147 124 32 
177147 624 32 
177147 3125 32 
177147 15624 32 
177147 78125 32 
177147 390624 32 
177147 1953124 32 
177147 9765625 32 
177147 48828125 32 
177147 244140624 32 
177147 1220703124 32 
177147 7 32 
177147 49 32 
177147 343 32 
177147 2401 32 
177147 16807 32 
177147 117649 32 
177147 823542 32 
177147 5764801 32 
177147 40353606 32 
177147 282475249 32 
177147 1977326743 32 
531441 5 32 
531441 24 32 
531441 124 32 
531441 624 32 
531441 3125 32 
531441 15624 32 
531441 78125 32 
531441 390624 32 
531441 1953124 32 
531441 9765625 32 
531441 48828125 32 
531441 244140624 32 
531441 1220703124 32 
531441 7 32 
531441 49 32 
531441 343 32 
531441 2401 32 
531441 16807 32 
531441 117649 32 
531441 823542 32 
531441 5764801 32 
531441 40353606 32 
531441 282475249 32 
531441 1977326743 32 
1594323 5 32 
1594323 24 32 
1594323 124 32 
1594323 624 32 
1594323 3125 32 
1594323 15624 32 
1594323 78125 32 
1594323 390624 32 
1594323 1953124 32 
1594323 9765625 32 
1594323 48828125 32 
1594323 244140624 32 
1594323 1220703124 32 
1594323 7 32 
1594323 49 32 
1594323 343 32 
1594323 2401 32 
1594323 16807 32 
1594323 117649 32 
1594323 823542 32 
1594323 5764801 32 
1594323 40353606 32 
1594323 282475249 32 
1594323 1977326743 32 
4782969 5 32 
4782969 24 32 
4782969 124 32 
4782969 624 32 
4782969 3125 32 
4782969 15624 32 
4782969 78125 32 
4782969 390624 32 
4782969 1953124 32 
4782969 9765625 32 
4782969 48828125 32 
4782969 244140624 32 
4782969 1220703124 32 
4782969 7 32 
4782969 49 32 
4782969 343 32 
4782969 2401 32 
4782969 16807 32 
4782969 117649 32 
4782969 823542 32 
4782969 5764801 32 
4782969 40353606 32 
4782969 282475249 32 
4782969 1977326743 32 
14348907 5 32 
14348907 24 32 
14348907 124 32 
14348907 624 32 
14348907 3125 32 
14348907 15624 32 
14348907 78125 32 
14348907 390624 32 
14348907 1953124 32 
14348907 9765625 32 
14348907 48828125 32 
14348907 244140624 32 
14348907 1220703124 32 
14348907 7 32 
14348907 49 32 
14348907 343 32 
14348907 2401 32 
14348907 16807 32 
14348907 117649 32 
14348907 823542 32 
14348907 5764801 32 
14348907 40353606 32 
14348907 282475249 32 
14348907 1977326743 32 
43046721 5 32 
43046721 24 32 
43046721 124 32 
43046721 624 32 
43046721 3125 32 
43046721 15624 32 
43046721 78125 32 
43046721 390624 32 
43046721 1953124 32 
43046721 9765625 32 
43046721 48828125 32 
43046721 244140624 32 
43046721 1220703124 32 
43046721 7 32 
43046721 49 32 
43046721 343 32 
43046721 2401 32 
43046721 16807 32 
43046721 117649 32 
43046721 823542 32 
43046721 5764801 32 
43046721 40353606 32 
43046721 282475249 32 
43046721 1977326743 32 
129140163 5 32 
129140163 24 32 
129140163 124 32 
129140163 624 32 
129140163 3125 32 
129140163 15624 32 
129140163 78125 32 
129140163 390624 32 
129140163 1953124 32 
129140163 9765625 32 
129140163 48828125 32 
129140163 244140624 32 
129140163 1220703124 32 
129140163 7 32 
129140163 49 32 
129140163 343 32 
129140163 2401 32 
129140163 16807 32 
129140163 117649 32 
129140163 823542 32 
129140163 5764801 32 
129140163 40353606 32 
129140163 282475249 32 
129140163 1977326743 32 
387420489 5 32 
387420489 24 32 
387420489 124 32 
387420489 624 32 
387420489 3125 32 
387420489 15624 32 
387420489 78125 32 
387420489 390624 32 
387420489 1953124 32 
387420489 9765625 32 
387420489 48828125 32 
387420489 244140624 32 
387420489 1220703124 32 
387420489 7 32 
387420489 49 32 
387420489 343 32 
387420489 2401 32 
387420489 16807 32 
387420489 117649 32 
387420489 823542 32 
387420489 5764801 32 
387420489 40353606 32 
387420489 282475249 32 
1162261467 5 32 
1162261467 24 32 
1162261467 124 32 
1162261467 624 32 
1162261467 3125 32 
1162261467 15624 32 
1162261467 78125 32 
1162261467 390624 32 
1162261467 1953124 32 
1162261467 9765625 32 
1162261467 48828125 32 
1162261467 244140624 32 
1162261467 7 32 
1162261467 49 32 
1162261467 343 32 
1162261467 2401 32 
1162261467 16807 32 
1162261467 117649 32 
1162261467 823542 32 
1162261467 5764801 32 
1162261467 40353606 32 
1162261467 282475249 32 
5 7 32 
5 49 32 
5 343 32 
5 2401 32 
5 16807 32 
5 117649 32 
5 823542 32 
5 5764801 32 
5 40353606 32 
5 282475249 32 
5 1977326743 32 
24 7 32 
24 49 32 
24 343 32 
24 2401 32 
24 16807 32 
24 117649 32 
24 823542 32 
24 5764801 32 
24 40353606 32 
24 282475249 32 
24 1977326743 32 
124 7 32 
124 49 32 
124 343 32 
124 2401 32 
124 16807 32 
124 117649 32 
124 823542 32 
124 5764801 32 
124 40353606 32 
124 282475249 32 
124 1977326743 32 
624 7 32 
624 49 32 
624 343 32 
624 2401 32 
624 16807 32 
624 117649 32 
624 823542 32 
624 5764801 32 
624 40353606 32 
624 282475249 32 
624 1977326743 32 
3125 7 32 
3125 49 32 
3125 343 32 
3125 2401 32 
3125 16807 32 
3125 117649 32 
3125 823542 32 
3125 5764801 32 
3125 40353606 32 
3125 282475249 32 
3125 1977326743 32 
15624 7 32 
15624 49 32 
15624 343 32 
15624 2401 32 
15624 16807 32 
15624 117649 32 
15624 823542 32 
15624 5764801 32 
15624 40353606 32 
15624 282475249 32 
15624 1977326743 32 
78125 7 32 
78125 49 32 
78125 343 32 
78125 2401 32 
78125 16807 32 
78125 117649 32 
78125 823542 32 
78125 5764801 32 
78125 40353606 32 
78125 282475249 32 
78125 1977326743 32 
390624 7 32 
390624 49 32 
390624 343 32 
390624 2401 32 
390624 16807 32 
390624 117649 32 
390624 823542 32 
390624 5764801 32 
390624 40353606 32 
390624 282475249 32 
390624 1977326743 32 
1953124 7 32 
1953124 49 32 
1953124 343 32 
1953124 2401 32 
1953124 16807 32 
1953124 117649 32 
1953124 823542 32 
1953124 5764801 32 
1953124 40353606 32 
1953124 282475249 32 
1953124 1977326743 32 
9765625 7 32 
9765625 49 32 
9765625 343 32 
9765625 2401 32 
9765625 16807 32 
9765625 117649 32 
9765625 823542 32 
9765625 5764801 32 
9765625 40353606 32 
9765625 282475249 32 
9765625 1977326743 32 
48828125 7 32 
48828125 49 32 
48828125 343 32 
48828125 2401 32 
48828125 16807 32 
48828125 117649 32 
48828125 823542 32 
48828125 5764801 32 
48828125 40353606 32 
48828125 282475249 32 
48828125 1977326743 32 
244140624 7 32 
244140624 49 32 
244140624 343 32 
244140624 2401 32 
244140624 16807 32 
244140624 117649 32 
244140624 823542 32 
244140624 5764801 32 
244140624 40353606 32 
244140624 282475249 32 
1220703124 7 32 
1220703124 49 32 
1220703124 343 32 
1220703124 2401 32 
1220703124 16807 32 
1220703124 117649 32 
1220703124 823542 32 
1220703124 5764801 32 
1220703124 40353606 32 
1220703124 282475249 32 
32
